<?xml version="1.0" encoding="UTF-8"?>
<!-- Generated by org.testng.reporters.JUnitXMLReporter -->
<testsuite hostname="Anoop" ignored="4" name="Default test" tests="1" failures="0" timestamp="05 Feb 2021 12:48:45 GMT" time="19.773" errors="0">
  <testcase name="updateUser" time="19.657" classname="com.api.testCases"/>
  <testcase name="addnewUser" time="0.0" classname="com.api.testCases">
    <ignored/>
  </testcase> <!-- addnewUser -->
  <testcase name="testGetUsers" time="0.0" classname="com.api.testCases">
    <ignored/>
  </testcase> <!-- testGetUsers -->
  <testcase name="testDelete" time="0.0" classname="com.api.testCases">
    <ignored/>
  </testcase> <!-- testDelete -->
  <testcase name="getUser" time="0.0" classname="com.api.testCases">
    <ignored/>
  </testcase> <!-- getUser -->
</testsuite> <!-- Default test -->
