<?xml version="1.0" encoding="UTF-8"?>
<!-- Generated by org.testng.reporters.JUnitXMLReporter -->
<testsuite hostname="Anoop" ignored="0" name="Default test" tests="4" failures="0" timestamp="01 Feb 2021 14:56:19 GMT" time="28.627" errors="0">
  <testcase name="testGetUsers" time="18.029" classname="com.api.testCases"/>
  <testcase name="addnewUser" time="5.656" classname="com.api.testCases"/>
  <testcase name="getUser" time="0.953" classname="com.api.testCases"/>
  <testcase name="testDelete" time="3.719" classname="com.api.testCases"/>
</testsuite> <!-- Default test -->
