<?xml version="1.0" encoding="UTF-8"?>
<!-- Generated by org.testng.reporters.JUnitXMLReporter -->
<testsuite hostname="Anoop" ignored="0" name="Test" tests="5" failures="0" timestamp="08 Feb 2021 13:58:19 GMT" time="23.514" errors="0">
  <testcase name="testGetUsers" time="14.453" classname="com.api.testCases"/>
  <testcase name="addnewUser" time="3.961" classname="com.api.testCases"/>
  <testcase name="getUser" time="0.847" classname="com.api.testCases"/>
  <testcase name="testDelete" time="1.146" classname="com.api.testCases"/>
  <testcase name="updateUser" time="1.179" classname="com.api.testCases"/>
</testsuite> <!-- Test -->
