<?xml version="1.0" encoding="UTF-8"?>
<!-- Generated by org.testng.reporters.JUnitXMLReporter -->
<testsuite hostname="Anoop" ignored="0" name="Test" tests="4" failures="0" timestamp="01 Feb 2021 15:09:33 GMT" time="28.297" errors="0">
  <testcase name="testGetUsers" time="16.391" classname="com.api.testCases"/>
  <testcase name="addnewUser" time="2.641" classname="com.api.testCases"/>
  <testcase name="getUser" time="7.703" classname="com.api.testCases"/>
  <testcase name="testDelete" time="1.453" classname="com.api.testCases"/>
</testsuite> <!-- Test -->
