<?xml version="1.0" encoding="UTF-8"?>
<testsuite xmlns:xsi="http://www.w3.org/2001/XMLSchema-instance" xsi:noNamespaceSchemaLocation="https://maven.apache.org/surefire/maven-surefire-plugin/xsd/surefire-test-report-3.0.xsd" version="3.0" name="TestSuite" time="47.538" tests="4" errors="0" skipped="0" failures="0">
  <properties>
[...]
</properties>
  <testcase name="testGetUsers" classname="com.api.testCases" time="16.312">
    <system-out><![CDATA[[TestNGContentHandler] [WARN] It is strongly recommended to add "<!DOCTYPE suite SYSTEM "http://testng.org/testng-1.0.dtd" >" at the top of your file, otherwise TestNG may fail or not work as expected.
]]></system-out>
  </testcase>
  <testcase name="addnewUser" classname="com.api.testCases" time="2.719">
    <system-out><![CDATA[{
    "name": "Lakshman",
    "job": "Engineer",
    "id": "245",
    "createdAt": "2021-02-01T15:09:32.626Z"
}
]]></system-out>
  </testcase>
  <testcase name="getUser" classname="com.api.testCases" time="7.734">
    <system-out><![CDATA[{
    "data": {
        "id": 2,
        "email": "janet.weaver@reqres.in",
        "first_name": "Janet",
        "last_name": "Weaver",
        "avatar": "https://reqres.in/img/faces/2-image.jpg"
    },
    "support": {
        "url": "https://reqres.in/#support-heading",
        "text": "To keep ReqRes free, contributions towards server costs are appreciated!"
    }
}
]]></system-out>
  </testcase>
  <testcase name="testDelete" classname="com.api.testCases" time="1.61">
    <system-out><![CDATA[HTTP/1.1 204 No Content
Date: Mon, 01 Feb 2021 15:09:42 GMT
Content-Length: 0
Connection: keep-alive
Set-Cookie: __cfduid=de478cea3b46cf36d374417b1124393141612192181; expires=Wed, 03-Mar-21 15:09:41 GMT; path=/; domain=.reqres.in; HttpOnly; SameSite=Lax; Secure
X-Powered-By: Express
Access-Control-Allow-Origin: *
Etag: W/"2-vyGp6PvFo4RvsFtPoIWeCReyIC8"
Via: 1.1 vegur
CF-Cache-Status: DYNAMIC
cf-request-id: 07ffbd84ff00002e29ce1bd000000001
Expect-CT: max-age=604800, report-uri="https://report-uri.cloudflare.com/cdn-cgi/beacon/expect-ct"
Report-To: {"endpoints":[{"url":"https:\/\/a.nel.cloudflare.com\/report?s=UTKwWYL%2FQ6g45xEVy1Odp%2BbVPruzc0bEKobZVkz1I2dOiAEIxIUmd5Mz3DEmk3WTDPqR6fRY0BAbt6zgkBK4kakvE2kNTgDuffI%3D"}],"group":"cf-nel","max_age":604800}
NEL: {"max_age":604800,"report_to":"cf-nel"}
Server: cloudflare
CF-RAY: 61ac984e68a12e29-BOM
]]></system-out>
  </testcase>
</testsuite>