<?xml version="1.0" encoding="UTF-8"?>
<testng-results skipped="0" failed="0" ignored="0" total="4" passed="4">
  <reporter-output>
  </reporter-output>
  <suite name="Suite" duration-ms="28297" started-at="2021-02-01T15:09:05Z" finished-at="2021-02-01T15:09:33Z">
    <groups>
    </groups>
    <test name="Test" duration-ms="28297" started-at="2021-02-01T15:09:05Z" finished-at="2021-02-01T15:09:33Z">
      <class name="com.api.testCases">
        <test-method status="PASS" signature="testGetUsers()[pri:1, instance:com.api.testCases@564718df]" name="testGetUsers" duration-ms="16391" started-at="2021-02-01T15:09:05Z" finished-at="2021-02-01T15:09:21Z">
          <reporter-output>
          </reporter-output>
        </test-method> <!-- testGetUsers -->
        <test-method status="PASS" signature="addnewUser()[pri:2, instance:com.api.testCases@564718df]" name="addnewUser" duration-ms="2641" started-at="2021-02-01T15:09:21Z" finished-at="2021-02-01T15:09:24Z">
          <reporter-output>
          </reporter-output>
        </test-method> <!-- addnewUser -->
        <test-method status="PASS" signature="getUser()[pri:3, instance:com.api.testCases@564718df]" name="getUser" duration-ms="7703" started-at="2021-02-01T15:09:24Z" finished-at="2021-02-01T15:09:31Z">
          <reporter-output>
          </reporter-output>
        </test-method> <!-- getUser -->
        <test-method status="PASS" signature="testDelete()[pri:4, instance:com.api.testCases@564718df]" name="testDelete" duration-ms="1453" started-at="2021-02-01T15:09:31Z" finished-at="2021-02-01T15:09:33Z">
          <reporter-output>
          </reporter-output>
        </test-method> <!-- testDelete -->
      </class> <!-- com.api.testCases -->
    </test> <!-- Test -->
  </suite> <!-- Suite -->
</testng-results>
