<?xml version="1.0" encoding="UTF-8"?>
<testng-results skipped="0" failed="0" ignored="0" total="5" passed="5">
  <reporter-output>
  </reporter-output>
  <suite name="Suite" duration-ms="24022" started-at="2021-02-05T14:05:30Z" finished-at="2021-02-05T14:05:54Z">
    <groups>
    </groups>
    <test name="Test" duration-ms="24022" started-at="2021-02-05T14:05:30Z" finished-at="2021-02-05T14:05:54Z">
      <class name="com.api.testCases">
        <test-method status="PASS" signature="testGetUsers()[pri:1, instance:com.api.testCases@564718df]" name="testGetUsers" duration-ms="18038" started-at="2021-02-05T14:05:30Z" finished-at="2021-02-05T14:05:48Z">
          <reporter-output>
          </reporter-output>
        </test-method> <!-- testGetUsers -->
        <test-method status="PASS" signature="addnewUser()[pri:2, instance:com.api.testCases@564718df]" name="addnewUser" duration-ms="3099" started-at="2021-02-05T14:05:48Z" finished-at="2021-02-05T14:05:51Z">
          <reporter-output>
          </reporter-output>
        </test-method> <!-- addnewUser -->
        <test-method status="PASS" signature="getUser()[pri:3, instance:com.api.testCases@564718df]" name="getUser" duration-ms="731" started-at="2021-02-05T14:05:51Z" finished-at="2021-02-05T14:05:52Z">
          <reporter-output>
          </reporter-output>
        </test-method> <!-- getUser -->
        <test-method status="PASS" signature="testDelete()[pri:4, instance:com.api.testCases@564718df]" name="testDelete" duration-ms="986" started-at="2021-02-05T14:05:52Z" finished-at="2021-02-05T14:05:53Z">
          <reporter-output>
          </reporter-output>
        </test-method> <!-- testDelete -->
        <test-method status="PASS" signature="updateUser()[pri:5, instance:com.api.testCases@564718df]" name="updateUser" duration-ms="1012" started-at="2021-02-05T14:05:53Z" finished-at="2021-02-05T14:05:54Z">
          <reporter-output>
          </reporter-output>
        </test-method> <!-- updateUser -->
      </class> <!-- com.api.testCases -->
    </test> <!-- Test -->
  </suite> <!-- Suite -->
</testng-results>
