<?xml version="1.0" encoding="UTF-8"?>
<testng-results skipped="0" failed="0" ignored="4" total="5" passed="1">
  <reporter-output>
  </reporter-output>
  <suite name="Default suite" duration-ms="19773" started-at="2021-02-05T12:48:25Z" finished-at="2021-02-05T12:48:45Z">
    <groups>
    </groups>
    <test name="Default test" duration-ms="19773" started-at="2021-02-05T12:48:25Z" finished-at="2021-02-05T12:48:45Z">
      <class name="com.api.testCases">
        <test-method status="PASS" signature="updateUser()[pri:5, instance:com.api.testCases@604ed9f0]" name="updateUser" duration-ms="19657" started-at="2021-02-05T12:48:25Z" finished-at="2021-02-05T12:48:45Z">
          <reporter-output>
          </reporter-output>
        </test-method> <!-- updateUser -->
      </class> <!-- com.api.testCases -->
    </test> <!-- Default test -->
  </suite> <!-- Default suite -->
</testng-results>
